2026-06-17 21:07:13,793 - aqt.main - INFO - installer 9280 aqtinstall(aqt) v3.3.0 on Python 3.12.10 [CPython MSC v.1943 64 bit (AMD64)]
2026-06-17 21:07:13,793 - aqt.helper - DEBUG - helper 9280 Attempt to download checksum at https://download.qt.io/online/qtsdkrepository/windows_x86/desktop/qt6_683/qt6_683/Updates.xml.sha256
2026-06-17 21:07:17,796 - aqt.helper - DEBUG - helper 9280 Attempt to download checksum at https://download.qt.io/online/qtsdkrepository/windows_x86/extensions/qtwebengine/683/msvc2022_64/Updates.xml.sha256
2026-06-17 21:07:21,430 - aqt.archives - INFO - archives 9280 Found extension qtwebengine
2026-06-17 21:07:21,430 - aqt.helper - DEBUG - helper 9280 Attempt to download checksum at https://download.qt.io/online/qtsdkrepository/windows_x86/extensions/qtpdf/683/msvc2022_64/Updates.xml.sha256
2026-06-17 21:07:25,111 - aqt.archives - INFO - archives 9280 Found extension qtpdf
2026-06-17 21:07:25,773 - aqt.helper - DEBUG - helper 12916 Attempt to download checksum at https://download.qt.io/online/qtsdkrepository/windows_x86/desktop/qt6_683/qt6_683/qt.qt6.683.win64_msvc2022_64/6.8.3-0-202503201308qtbase-Windows-Windows_11_23H2-MSVC2022-Windows-Windows_11_23H2-X86_64.7z.sha256
2026-06-17 21:07:25,789 - aqt.helper - DEBUG - helper 6940 Attempt to download checksum at https://download.qt.io/online/qtsdkrepository/windows_x86/desktop/qt6_683/qt6_683/qt.qt6.683.win64_msvc2022_64/6.8.3-0-202503201308qtsvg-Windows-Windows_11_23H2-MSVC2022-Windows-Windows_11_23H2-X86_64.7z.sha256
2026-06-17 21:07:25,789 - aqt.helper - DEBUG - helper 2676 Attempt to download checksum at https://download.qt.io/online/qtsdkrepository/windows_x86/desktop/qt6_683/qt6_683/qt.qt6.683.win64_msvc2022_64/6.8.3-0-202503201308qtdeclarative-Windows-Windows_11_23H2-MSVC2022-Windows-Windows_11_23H2-X86_64.7z.sha256
2026-06-17 21:07:25,803 - aqt.helper - DEBUG - helper 8008 Attempt to download checksum at https://download.qt.io/online/qtsdkrepository/windows_x86/desktop/qt6_683/qt6_683/qt.qt6.683.win64_msvc2022_64/6.8.3-0-202503201308qttools-Windows-Windows_11_23H2-MSVC2022-Windows-Windows_11_23H2-X86_64.7z.sha256
2026-06-17 21:07:27,584 - aqt.helper - INFO - helper 6940 Downloading qtsvg...
2026-06-17 21:07:27,584 - aqt.installer - DEBUG - installer 6940 Download URL: https://download.qt.io/online/qtsdkrepository/windows_x86/desktop/qt6_683/qt6_683/qt.qt6.683.win64_msvc2022_64/6.8.3-0-202503201308qtsvg-Windows-Windows_11_23H2-MSVC2022-Windows-Windows_11_23H2-X86_64.7z
2026-06-17 21:07:27,609 - aqt.helper - INFO - helper 12916 Downloading qtbase...
2026-06-17 21:07:27,609 - aqt.installer - DEBUG - installer 12916 Download URL: https://download.qt.io/online/qtsdkrepository/windows_x86/desktop/qt6_683/qt6_683/qt.qt6.683.win64_msvc2022_64/6.8.3-0-202503201308qtbase-Windows-Windows_11_23H2-MSVC2022-Windows-Windows_11_23H2-X86_64.7z
2026-06-17 21:07:27,635 - aqt.helper - INFO - helper 8008 Downloading qttools...
2026-06-17 21:07:27,635 - aqt.installer - DEBUG - installer 8008 Download URL: https://download.qt.io/online/qtsdkrepository/windows_x86/desktop/qt6_683/qt6_683/qt.qt6.683.win64_msvc2022_64/6.8.3-0-202503201308qttools-Windows-Windows_11_23H2-MSVC2022-Windows-Windows_11_23H2-X86_64.7z
2026-06-17 21:07:27,665 - aqt.helper - INFO - helper 2676 Downloading qtdeclarative...
2026-06-17 21:07:27,665 - aqt.installer - DEBUG - installer 2676 Download URL: https://download.qt.io/online/qtsdkrepository/windows_x86/desktop/qt6_683/qt6_683/qt.qt6.683.win64_msvc2022_64/6.8.3-0-202503201308qtdeclarative-Windows-Windows_11_23H2-MSVC2022-Windows-Windows_11_23H2-X86_64.7z
2026-06-17 21:07:29,417 - aqt.helper - DEBUG - helper 12916 Asked to redirect(302) to: https://qt.mirror.constant.com/online/qtsdkrepository/windows_x86/desktop/qt6_683/qt6_683/qt.qt6.683.win64_msvc2022_64/6.8.3-0-202503201308qtbase-Windows-Windows_11_23H2-MSVC2022-Windows-Windows_11_23H2-X86_64.7z
2026-06-17 21:07:29,417 - aqt.helper - INFO - helper 12916 Redirected: qt.mirror.constant.com
2026-06-17 21:07:29,470 - aqt.helper - DEBUG - helper 6940 Asked to redirect(302) to: https://qt.mirror.constant.com/online/qtsdkrepository/windows_x86/desktop/qt6_683/qt6_683/qt.qt6.683.win64_msvc2022_64/6.8.3-0-202503201308qtsvg-Windows-Windows_11_23H2-MSVC2022-Windows-Windows_11_23H2-X86_64.7z
2026-06-17 21:07:29,470 - aqt.helper - INFO - helper 6940 Redirected: qt.mirror.constant.com
2026-06-17 21:07:29,532 - aqt.helper - DEBUG - helper 8008 Asked to redirect(302) to: https://qt.mirror.constant.com/online/qtsdkrepository/windows_x86/desktop/qt6_683/qt6_683/qt.qt6.683.win64_msvc2022_64/6.8.3-0-202503201308qttools-Windows-Windows_11_23H2-MSVC2022-Windows-Windows_11_23H2-X86_64.7z
2026-06-17 21:07:29,532 - aqt.helper - INFO - helper 8008 Redirected: qt.mirror.constant.com
2026-06-17 21:07:29,546 - aqt.helper - DEBUG - helper 2676 Asked to redirect(302) to: https://qt.mirror.constant.com/online/qtsdkrepository/windows_x86/desktop/qt6_683/qt6_683/qt.qt6.683.win64_msvc2022_64/6.8.3-0-202503201308qtdeclarative-Windows-Windows_11_23H2-MSVC2022-Windows-Windows_11_23H2-X86_64.7z
2026-06-17 21:07:29,546 - aqt.helper - INFO - helper 2676 Redirected: qt.mirror.constant.com
2026-06-17 21:07:32,435 - aqt.installer - INFO - installer 6940 Finished installation of qtsvg-Windows-Windows_11_23H2-MSVC2022-Windows-Windows_11_23H2-X86_64.7z in 6.64813170
2026-06-17 21:07:32,452 - aqt.helper - DEBUG - helper 6940 Attempt to download checksum at https://download.qt.io/online/qtsdkrepository/windows_x86/desktop/qt6_683/qt6_683/qt.qt6.683.win64_msvc2022_64/6.8.3-0-202503201308qttranslations-Windows-Windows_11_23H2-MSVC2022-Windows-Windows_11_23H2-X86_64.7z.sha256
2026-06-17 21:07:35,523 - aqt.helper - INFO - helper 6940 Downloading qttranslations...
2026-06-17 21:07:35,523 - aqt.installer - DEBUG - installer 6940 Download URL: https://download.qt.io/online/qtsdkrepository/windows_x86/desktop/qt6_683/qt6_683/qt.qt6.683.win64_msvc2022_64/6.8.3-0-202503201308qttranslations-Windows-Windows_11_23H2-MSVC2022-Windows-Windows_11_23H2-X86_64.7z
2026-06-17 21:07:38,985 - aqt.helper - DEBUG - helper 6940 Asked to redirect(302) to: https://qt.mirror.constant.com/online/qtsdkrepository/windows_x86/desktop/qt6_683/qt6_683/qt.qt6.683.win64_msvc2022_64/6.8.3-0-202503201308qttranslations-Windows-Windows_11_23H2-MSVC2022-Windows-Windows_11_23H2-X86_64.7z
2026-06-17 21:07:38,985 - aqt.helper - INFO - helper 6940 Redirected: qt.mirror.constant.com
2026-06-17 21:07:43,484 - aqt.installer - INFO - installer 6940 Finished installation of qttranslations-Windows-Windows_11_23H2-MSVC2022-Windows-Windows_11_23H2-X86_64.7z in 11.03464420
2026-06-17 21:07:43,501 - aqt.helper - DEBUG - helper 6940 Attempt to download checksum at https://download.qt.io/online/qtsdkrepository/windows_x86/desktop/qt6_683/qt6_683/qt.qt6.683.win64_msvc2022_64/6.8.3-0-202503201308d3dcompiler_47-x64.7z.sha256
2026-06-17 21:07:45,374 - aqt.helper - INFO - helper 6940 Downloading d3dcompiler_47...
2026-06-17 21:07:45,374 - aqt.installer - DEBUG - installer 6940 Download URL: https://download.qt.io/online/qtsdkrepository/windows_x86/desktop/qt6_683/qt6_683/qt.qt6.683.win64_msvc2022_64/6.8.3-0-202503201308d3dcompiler_47-x64.7z
2026-06-17 21:07:47,131 - aqt.installer - INFO - installer 8008 Finished installation of qttools-Windows-Windows_11_23H2-MSVC2022-Windows-Windows_11_23H2-X86_64.7z in 21.32822970
2026-06-17 21:07:47,152 - aqt.helper - DEBUG - helper 8008 Attempt to download checksum at https://download.qt.io/online/qtsdkrepository/windows_x86/desktop/qt6_683/qt6_683/qt.qt6.683.win64_msvc2022_64/6.8.3-0-202503201308opengl32sw-64-mesa_11_2_2-signed_sha256.7z.sha256
2026-06-17 21:07:47,266 - aqt.helper - DEBUG - helper 6940 Asked to redirect(302) to: https://qt.mirror.constant.com/online/qtsdkrepository/windows_x86/desktop/qt6_683/qt6_683/qt.qt6.683.win64_msvc2022_64/6.8.3-0-202503201308d3dcompiler_47-x64.7z
2026-06-17 21:07:47,266 - aqt.helper - INFO - helper 6940 Redirected: qt.mirror.constant.com
2026-06-17 21:07:48,951 - aqt.helper - INFO - helper 8008 Downloading opengl32sw...
2026-06-17 21:07:48,951 - aqt.installer - DEBUG - installer 8008 Download URL: https://download.qt.io/online/qtsdkrepository/windows_x86/desktop/qt6_683/qt6_683/qt.qt6.683.win64_msvc2022_64/6.8.3-0-202503201308opengl32sw-64-mesa_11_2_2-signed_sha256.7z
2026-06-17 21:07:49,656 - aqt.installer - INFO - installer 6940 Finished installation of d3dcompiler_47-x64.7z in 6.15700050
2026-06-17 21:07:50,782 - aqt.helper - DEBUG - helper 8008 Asked to redirect(302) to: https://qt.mirror.constant.com/online/qtsdkrepository/windows_x86/desktop/qt6_683/qt6_683/qt.qt6.683.win64_msvc2022_64/6.8.3-0-202503201308opengl32sw-64-mesa_11_2_2-signed_sha256.7z
2026-06-17 21:07:50,782 - aqt.helper - INFO - helper 8008 Redirected: qt.mirror.constant.com
2026-06-17 21:07:51,124 - aqt.installer - INFO - installer 12916 Finished installation of qtbase-Windows-Windows_11_23H2-MSVC2022-Windows-Windows_11_23H2-X86_64.7z in 25.36254410
2026-06-17 21:07:55,449 - aqt.installer - INFO - installer 8008 Finished installation of opengl32sw-64-mesa_11_2_2-signed_sha256.7z in 8.29981350
2026-06-17 21:08:28,594 - aqt.installer - INFO - installer 2676 Finished installation of qtdeclarative-Windows-Windows_11_23H2-MSVC2022-Windows-Windows_11_23H2-X86_64.7z in 62.80625140
2026-06-17 21:08:28,783 - aqt.updater - INFO - updater 9280 Patching C:\Qt\6.8.3\msvc2022_64\bin\qmake.exe
2026-06-17 21:08:28,791 - aqt.updater - INFO - updater 9280 Patching C:\Qt\6.8.3\msvc2022_64\lib\Qt6Concurrent.prl
2026-06-17 21:08:28,791 - aqt.updater - INFO - updater 9280 Patching C:\Qt\6.8.3\msvc2022_64\lib\Qt6Concurrentd.prl
2026-06-17 21:08:28,793 - aqt.updater - INFO - updater 9280 Patching C:\Qt\6.8.3\msvc2022_64\lib\Qt6Core.prl
2026-06-17 21:08:28,793 - aqt.updater - INFO - updater 9280 Patching C:\Qt\6.8.3\msvc2022_64\lib\Qt6Cored.prl
2026-06-17 21:08:28,795 - aqt.updater - INFO - updater 9280 Patching C:\Qt\6.8.3\msvc2022_64\lib\Qt6DBus.prl
2026-06-17 21:08:28,795 - aqt.updater - INFO - updater 9280 Patching C:\Qt\6.8.3\msvc2022_64\lib\Qt6DBusd.prl
2026-06-17 21:08:28,795 - aqt.updater - INFO - updater 9280 Patching C:\Qt\6.8.3\msvc2022_64\lib\Qt6Designer.prl
2026-06-17 21:08:28,797 - aqt.updater - INFO - updater 9280 Patching C:\Qt\6.8.3\msvc2022_64\lib\Qt6DesignerComponents.prl
2026-06-17 21:08:28,797 - aqt.updater - INFO - updater 9280 Patching C:\Qt\6.8.3\msvc2022_64\lib\Qt6DesignerComponentsd.prl
2026-06-17 21:08:28,797 - aqt.updater - INFO - updater 9280 Patching C:\Qt\6.8.3\msvc2022_64\lib\Qt6Designerd.prl
2026-06-17 21:08:28,798 - aqt.updater - INFO - updater 9280 Patching C:\Qt\6.8.3\msvc2022_64\lib\Qt6DeviceDiscoverySupport.prl
2026-06-17 21:08:28,798 - aqt.updater - INFO - updater 9280 Patching C:\Qt\6.8.3\msvc2022_64\lib\Qt6DeviceDiscoverySupportd.prl
2026-06-17 21:08:28,800 - aqt.updater - INFO - updater 9280 Patching C:\Qt\6.8.3\msvc2022_64\lib\Qt6EntryPoint.prl
2026-06-17 21:08:28,800 - aqt.updater - INFO - updater 9280 Patching C:\Qt\6.8.3\msvc2022_64\lib\Qt6EntryPointd.prl
2026-06-17 21:08:28,800 - aqt.updater - INFO - updater 9280 Patching C:\Qt\6.8.3\msvc2022_64\lib\Qt6ExampleIcons.prl
2026-06-17 21:08:28,802 - aqt.updater - INFO - updater 9280 Patching C:\Qt\6.8.3\msvc2022_64\lib\Qt6ExampleIconsd.prl
2026-06-17 21:08:28,802 - aqt.updater - INFO - updater 9280 Patching C:\Qt\6.8.3\msvc2022_64\lib\Qt6ExamplesAssetDownloader.prl
2026-06-17 21:08:28,802 - aqt.updater - INFO - updater 9280 Patching C:\Qt\6.8.3\msvc2022_64\lib\Qt6ExamplesAssetDownloaderd.prl
2026-06-17 21:08:28,804 - aqt.updater - INFO - updater 9280 Patching C:\Qt\6.8.3\msvc2022_64\lib\Qt6FbSupport.prl
2026-06-17 21:08:28,804 - aqt.updater - INFO - updater 9280 Patching C:\Qt\6.8.3\msvc2022_64\lib\Qt6FbSupportd.prl
2026-06-17 21:08:28,804 - aqt.updater - INFO - updater 9280 Patching C:\Qt\6.8.3\msvc2022_64\lib\Qt6Gui.prl
2026-06-17 21:08:28,806 - aqt.updater - INFO - updater 9280 Patching C:\Qt\6.8.3\msvc2022_64\lib\Qt6Guid.prl
2026-06-17 21:08:28,806 - aqt.updater - INFO - updater 9280 Patching C:\Qt\6.8.3\msvc2022_64\lib\Qt6Help.prl
2026-06-17 21:08:28,806 - aqt.updater - INFO - updater 9280 Patching C:\Qt\6.8.3\msvc2022_64\lib\Qt6Helpd.prl
2026-06-17 21:08:28,808 - aqt.updater - INFO - updater 9280 Patching C:\Qt\6.8.3\msvc2022_64\lib\Qt6LabsAnimation.prl
2026-06-17 21:08:28,808 - aqt.updater - INFO - updater 9280 Patching C:\Qt\6.8.3\msvc2022_64\lib\Qt6LabsAnimationd.prl
2026-06-17 21:08:28,808 - aqt.updater - INFO - updater 9280 Patching C:\Qt\6.8.3\msvc2022_64\lib\Qt6LabsFolderListModel.prl
2026-06-17 21:08:28,808 - aqt.updater - INFO - updater 9280 Patching C:\Qt\6.8.3\msvc2022_64\lib\Qt6LabsFolderListModeld.prl
2026-06-17 21:08:28,808 - aqt.updater - INFO - updater 9280 Patching C:\Qt\6.8.3\msvc2022_64\lib\Qt6LabsPlatform.prl
2026-06-17 21:08:28,808 - aqt.updater - INFO - updater 9280 Patching C:\Qt\6.8.3\msvc2022_64\lib\Qt6LabsPlatformd.prl
2026-06-17 21:08:28,808 - aqt.updater - INFO - updater 9280 Patching C:\Qt\6.8.3\msvc2022_64\lib\Qt6LabsQmlModels.prl
2026-06-17 21:08:28,808 - aqt.updater - INFO - updater 9280 Patching C:\Qt\6.8.3\msvc2022_64\lib\Qt6LabsQmlModelsd.prl
2026-06-17 21:08:28,808 - aqt.updater - INFO - updater 9280 Patching C:\Qt\6.8.3\msvc2022_64\lib\Qt6LabsSettings.prl
2026-06-17 21:08:28,814 - aqt.updater - INFO - updater 9280 Patching C:\Qt\6.8.3\msvc2022_64\lib\Qt6LabsSettingsd.prl
2026-06-17 21:08:28,814 - aqt.updater - INFO - updater 9280 Patching C:\Qt\6.8.3\msvc2022_64\lib\Qt6LabsSharedImage.prl
2026-06-17 21:08:28,814 - aqt.updater - INFO - updater 9280 Patching C:\Qt\6.8.3\msvc2022_64\lib\Qt6LabsSharedImaged.prl
2026-06-17 21:08:28,816 - aqt.updater - INFO - updater 9280 Patching C:\Qt\6.8.3\msvc2022_64\lib\Qt6LabsWavefrontMesh.prl
2026-06-17 21:08:28,816 - aqt.updater - INFO - updater 9280 Patching C:\Qt\6.8.3\msvc2022_64\lib\Qt6LabsWavefrontMeshd.prl
2026-06-17 21:08:28,816 - aqt.updater - INFO - updater 9280 Patching C:\Qt\6.8.3\msvc2022_64\lib\Qt6Network.prl
2026-06-17 21:08:28,818 - aqt.updater - INFO - updater 9280 Patching C:\Qt\6.8.3\msvc2022_64\lib\Qt6Networkd.prl
2026-06-17 21:08:28,818 - aqt.updater - INFO - updater 9280 Patching C:\Qt\6.8.3\msvc2022_64\lib\Qt6OpenGL.prl
2026-06-17 21:08:28,818 - aqt.updater - INFO - updater 9280 Patching C:\Qt\6.8.3\msvc2022_64\lib\Qt6OpenGLd.prl
2026-06-17 21:08:28,820 - aqt.updater - INFO - updater 9280 Patching C:\Qt\6.8.3\msvc2022_64\lib\Qt6OpenGLWidgets.prl
2026-06-17 21:08:28,820 - aqt.updater - INFO - updater 9280 Patching C:\Qt\6.8.3\msvc2022_64\lib\Qt6OpenGLWidgetsd.prl
2026-06-17 21:08:28,822 - aqt.updater - INFO - updater 9280 Patching C:\Qt\6.8.3\msvc2022_64\lib\Qt6PacketProtocol.prl
2026-06-17 21:08:28,822 - aqt.updater - INFO - updater 9280 Patching C:\Qt\6.8.3\msvc2022_64\lib\Qt6PacketProtocold.prl
2026-06-17 21:08:28,822 - aqt.updater - INFO - updater 9280 Patching C:\Qt\6.8.3\msvc2022_64\lib\Qt6PrintSupport.prl
2026-06-17 21:08:28,824 - aqt.updater - INFO - updater 9280 Patching C:\Qt\6.8.3\msvc2022_64\lib\Qt6PrintSupportd.prl
2026-06-17 21:08:28,824 - aqt.updater - INFO - updater 9280 Patching C:\Qt\6.8.3\msvc2022_64\lib\Qt6Qml.prl
2026-06-17 21:08:28,824 - aqt.updater - INFO - updater 9280 Patching C:\Qt\6.8.3\msvc2022_64\lib\Qt6QmlAssetDownloader.prl
2026-06-17 21:08:28,826 - aqt.updater - INFO - updater 9280 Patching C:\Qt\6.8.3\msvc2022_64\lib\Qt6QmlAssetDownloaderd.prl
2026-06-17 21:08:28,826 - aqt.updater - INFO - updater 9280 Patching C:\Qt\6.8.3\msvc2022_64\lib\Qt6QmlCompiler.prl
2026-06-17 21:08:28,828 - aqt.updater - INFO - updater 9280 Patching C:\Qt\6.8.3\msvc2022_64\lib\Qt6QmlCompilerd.prl
2026-06-17 21:08:28,828 - aqt.updater - INFO - updater 9280 Patching C:\Qt\6.8.3\msvc2022_64\lib\Qt6QmlCore.prl
2026-06-17 21:08:28,828 - aqt.updater - INFO - updater 9280 Patching C:\Qt\6.8.3\msvc2022_64\lib\Qt6QmlCored.prl
2026-06-17 21:08:28,830 - aqt.updater - INFO - updater 9280 Patching C:\Qt\6.8.3\msvc2022_64\lib\Qt6Qmld.prl
2026-06-17 21:08:28,830 - aqt.updater - INFO - updater 9280 Patching C:\Qt\6.8.3\msvc2022_64\lib\Qt6QmlDebug.prl
2026-06-17 21:08:28,832 - aqt.updater - INFO - updater 9280 Patching C:\Qt\6.8.3\msvc2022_64\lib\Qt6QmlDebugd.prl
2026-06-17 21:08:28,832 - aqt.updater - INFO - updater 9280 Patching C:\Qt\6.8.3\msvc2022_64\lib\Qt6QmlDom.prl
2026-06-17 21:08:28,832 - aqt.updater - INFO - updater 9280 Patching C:\Qt\6.8.3\msvc2022_64\lib\Qt6QmlDomd.prl
2026-06-17 21:08:28,834 - aqt.updater - INFO - updater 9280 Patching C:\Qt\6.8.3\msvc2022_64\lib\Qt6QmlLocalStorage.prl
2026-06-17 21:08:28,834 - aqt.updater - INFO - updater 9280 Patching C:\Qt\6.8.3\msvc2022_64\lib\Qt6QmlLocalStoraged.prl
2026-06-17 21:08:28,836 - aqt.updater - INFO - updater 9280 Patching C:\Qt\6.8.3\msvc2022_64\lib\Qt6QmlLS.prl
2026-06-17 21:08:28,836 - aqt.updater - INFO - updater 9280 Patching C:\Qt\6.8.3\msvc2022_64\lib\Qt6QmlLSd.prl
2026-06-17 21:08:28,836 - aqt.updater - INFO - updater 9280 Patching C:\Qt\6.8.3\msvc2022_64\lib\Qt6QmlMeta.prl
2026-06-17 21:08:28,838 - aqt.updater - INFO - updater 9280 Patching C:\Qt\6.8.3\msvc2022_64\lib\Qt6QmlMetad.prl
2026-06-17 21:08:28,838 - aqt.updater - INFO - updater 9280 Patching C:\Qt\6.8.3\msvc2022_64\lib\Qt6QmlModels.prl
2026-06-17 21:08:28,838 - aqt.updater - INFO - updater 9280 Patching C:\Qt\6.8.3\msvc2022_64\lib\Qt6QmlModelsd.prl
2026-06-17 21:08:28,840 - aqt.updater - INFO - updater 9280 Patching C:\Qt\6.8.3\msvc2022_64\lib\Qt6QmlNetwork.prl
2026-06-17 21:08:28,840 - aqt.updater - INFO - updater 9280 Patching C:\Qt\6.8.3\msvc2022_64\lib\Qt6QmlNetworkd.prl
2026-06-17 21:08:28,840 - aqt.updater - INFO - updater 9280 Patching C:\Qt\6.8.3\msvc2022_64\lib\Qt6QmlToolingSettings.prl
2026-06-17 21:08:28,842 - aqt.updater - INFO - updater 9280 Patching C:\Qt\6.8.3\msvc2022_64\lib\Qt6QmlToolingSettingsd.prl
2026-06-17 21:08:28,842 - aqt.updater - INFO - updater 9280 Patching C:\Qt\6.8.3\msvc2022_64\lib\Qt6QmlTypeRegistrar.prl
2026-06-17 21:08:28,842 - aqt.updater - INFO - updater 9280 Patching C:\Qt\6.8.3\msvc2022_64\lib\Qt6QmlTypeRegistrard.prl
2026-06-17 21:08:28,844 - aqt.updater - INFO - updater 9280 Patching C:\Qt\6.8.3\msvc2022_64\lib\Qt6QmlWorkerScript.prl
2026-06-17 21:08:28,844 - aqt.updater - INFO - updater 9280 Patching C:\Qt\6.8.3\msvc2022_64\lib\Qt6QmlWorkerScriptd.prl
2026-06-17 21:08:28,846 - aqt.updater - INFO - updater 9280 Patching C:\Qt\6.8.3\msvc2022_64\lib\Qt6QmlXmlListModel.prl
2026-06-17 21:08:28,846 - aqt.updater - INFO - updater 9280 Patching C:\Qt\6.8.3\msvc2022_64\lib\Qt6QmlXmlListModeld.prl
2026-06-17 21:08:28,846 - aqt.updater - INFO - updater 9280 Patching C:\Qt\6.8.3\msvc2022_64\lib\Qt6Quick.prl
2026-06-17 21:08:28,848 - aqt.updater - INFO - updater 9280 Patching C:\Qt\6.8.3\msvc2022_64\lib\Qt6QuickControls2.prl
2026-06-17 21:08:28,848 - aqt.updater - INFO - updater 9280 Patching C:\Qt\6.8.3\msvc2022_64\lib\Qt6QuickControls2Basic.prl
2026-06-17 21:08:28,848 - aqt.updater - INFO - updater 9280 Patching C:\Qt\6.8.3\msvc2022_64\lib\Qt6QuickControls2Basicd.prl
2026-06-17 21:08:28,850 - aqt.updater - INFO - updater 9280 Patching C:\Qt\6.8.3\msvc2022_64\lib\Qt6QuickControls2BasicStyleImpl.prl
2026-06-17 21:08:28,852 - aqt.updater - INFO - updater 9280 Patching C:\Qt\6.8.3\msvc2022_64\lib\Qt6QuickControls2BasicStyleImpld.prl
2026-06-17 21:08:28,852 - aqt.updater - INFO - updater 9280 Patching C:\Qt\6.8.3\msvc2022_64\lib\Qt6QuickControls2d.prl
2026-06-17 21:08:28,852 - aqt.updater - INFO - updater 9280 Patching C:\Qt\6.8.3\msvc2022_64\lib\Qt6QuickControls2FluentWinUI3StyleImpl.prl
2026-06-17 21:08:28,854 - aqt.updater - INFO - updater 9280 Patching C:\Qt\6.8.3\msvc2022_64\lib\Qt6QuickControls2FluentWinUI3StyleImpld.prl
2026-06-17 21:08:28,854 - aqt.updater - INFO - updater 9280 Patching C:\Qt\6.8.3\msvc2022_64\lib\Qt6QuickControls2Fusion.prl
2026-06-17 21:08:28,854 - aqt.updater - INFO - updater 9280 Patching C:\Qt\6.8.3\msvc2022_64\lib\Qt6QuickControls2Fusiond.prl
2026-06-17 21:08:28,856 - aqt.updater - INFO - updater 9280 Patching C:\Qt\6.8.3\msvc2022_64\lib\Qt6QuickControls2FusionStyleImpl.prl
2026-06-17 21:08:28,856 - aqt.updater - INFO - updater 9280 Patching C:\Qt\6.8.3\msvc2022_64\lib\Qt6QuickControls2FusionStyleImpld.prl
2026-06-17 21:08:28,856 - aqt.updater - INFO - updater 9280 Patching C:\Qt\6.8.3\msvc2022_64\lib\Qt6QuickControls2Imagine.prl
2026-06-17 21:08:28,858 - aqt.updater - INFO - updater 9280 Patching C:\Qt\6.8.3\msvc2022_64\lib\Qt6QuickControls2Imagined.prl
2026-06-17 21:08:28,858 - aqt.updater - INFO - updater 9280 Patching C:\Qt\6.8.3\msvc2022_64\lib\Qt6QuickControls2ImagineStyleImpl.prl
2026-06-17 21:08:28,858 - aqt.updater - INFO - updater 9280 Patching C:\Qt\6.8.3\msvc2022_64\lib\Qt6QuickControls2ImagineStyleImpld.prl
2026-06-17 21:08:28,860 - aqt.updater - INFO - updater 9280 Patching C:\Qt\6.8.3\msvc2022_64\lib\Qt6QuickControls2Impl.prl
2026-06-17 21:08:28,860 - aqt.updater - INFO - updater 9280 Patching C:\Qt\6.8.3\msvc2022_64\lib\Qt6QuickControls2Impld.prl
2026-06-17 21:08:28,860 - aqt.updater - INFO - updater 9280 Patching C:\Qt\6.8.3\msvc2022_64\lib\Qt6QuickControls2Material.prl
2026-06-17 21:08:28,861 - aqt.updater - INFO - updater 9280 Patching C:\Qt\6.8.3\msvc2022_64\lib\Qt6QuickControls2Materiald.prl
2026-06-17 21:08:28,861 - aqt.updater - INFO - updater 9280 Patching C:\Qt\6.8.3\msvc2022_64\lib\Qt6QuickControls2MaterialStyleImpl.prl
2026-06-17 21:08:28,863 - aqt.updater - INFO - updater 9280 Patching C:\Qt\6.8.3\msvc2022_64\lib\Qt6QuickControls2MaterialStyleImpld.prl
2026-06-17 21:08:28,863 - aqt.updater - INFO - updater 9280 Patching C:\Qt\6.8.3\msvc2022_64\lib\Qt6QuickControls2Universal.prl
2026-06-17 21:08:28,863 - aqt.updater - INFO - updater 9280 Patching C:\Qt\6.8.3\msvc2022_64\lib\Qt6QuickControls2Universald.prl
2026-06-17 21:08:28,865 - aqt.updater - INFO - updater 9280 Patching C:\Qt\6.8.3\msvc2022_64\lib\Qt6QuickControls2UniversalStyleImpl.prl
2026-06-17 21:08:28,865 - aqt.updater - INFO - updater 9280 Patching C:\Qt\6.8.3\msvc2022_64\lib\Qt6QuickControls2UniversalStyleImpld.prl
2026-06-17 21:08:28,865 - aqt.updater - INFO - updater 9280 Patching C:\Qt\6.8.3\msvc2022_64\lib\Qt6QuickControls2WindowsStyleImpl.prl
2026-06-17 21:08:28,867 - aqt.updater - INFO - updater 9280 Patching C:\Qt\6.8.3\msvc2022_64\lib\Qt6QuickControls2WindowsStyleImpld.prl
2026-06-17 21:08:28,867 - aqt.updater - INFO - updater 9280 Patching C:\Qt\6.8.3\msvc2022_64\lib\Qt6QuickControlsTestUtils.prl
2026-06-17 21:08:28,869 - aqt.updater - INFO - updater 9280 Patching C:\Qt\6.8.3\msvc2022_64\lib\Qt6QuickControlsTestUtilsd.prl
2026-06-17 21:08:28,869 - aqt.updater - INFO - updater 9280 Patching C:\Qt\6.8.3\msvc2022_64\lib\Qt6Quickd.prl
2026-06-17 21:08:28,869 - aqt.updater - INFO - updater 9280 Patching C:\Qt\6.8.3\msvc2022_64\lib\Qt6QuickDialogs2.prl
2026-06-17 21:08:28,871 - aqt.updater - INFO - updater 9280 Patching C:\Qt\6.8.3\msvc2022_64\lib\Qt6QuickDialogs2d.prl
2026-06-17 21:08:28,871 - aqt.updater - INFO - updater 9280 Patching C:\Qt\6.8.3\msvc2022_64\lib\Qt6QuickDialogs2QuickImpl.prl
2026-06-17 21:08:28,873 - aqt.updater - INFO - updater 9280 Patching C:\Qt\6.8.3\msvc2022_64\lib\Qt6QuickDialogs2QuickImpld.prl
2026-06-17 21:08:28,873 - aqt.updater - INFO - updater 9280 Patching C:\Qt\6.8.3\msvc2022_64\lib\Qt6QuickDialogs2Utils.prl
2026-06-17 21:08:28,873 - aqt.updater - INFO - updater 9280 Patching C:\Qt\6.8.3\msvc2022_64\lib\Qt6QuickDialogs2Utilsd.prl
2026-06-17 21:08:28,875 - aqt.updater - INFO - updater 9280 Patching C:\Qt\6.8.3\msvc2022_64\lib\Qt6QuickEffects.prl
2026-06-17 21:08:28,875 - aqt.updater - INFO - updater 9280 Patching C:\Qt\6.8.3\msvc2022_64\lib\Qt6QuickEffectsd.prl
2026-06-17 21:08:28,877 - aqt.updater - INFO - updater 9280 Patching C:\Qt\6.8.3\msvc2022_64\lib\Qt6QuickLayouts.prl
2026-06-17 21:08:28,877 - aqt.updater - INFO - updater 9280 Patching C:\Qt\6.8.3\msvc2022_64\lib\Qt6QuickLayoutsd.prl
2026-06-17 21:08:28,879 - aqt.updater - INFO - updater 9280 Patching C:\Qt\6.8.3\msvc2022_64\lib\Qt6QuickParticles.prl
2026-06-17 21:08:28,879 - aqt.updater - INFO - updater 9280 Patching C:\Qt\6.8.3\msvc2022_64\lib\Qt6QuickParticlesd.prl
2026-06-17 21:08:28,881 - aqt.updater - INFO - updater 9280 Patching C:\Qt\6.8.3\msvc2022_64\lib\Qt6QuickShapes.prl
2026-06-17 21:08:28,881 - aqt.updater - INFO - updater 9280 Patching C:\Qt\6.8.3\msvc2022_64\lib\Qt6QuickShapesd.prl
2026-06-17 21:08:28,881 - aqt.updater - INFO - updater 9280 Patching C:\Qt\6.8.3\msvc2022_64\lib\Qt6QuickTemplates2.prl
2026-06-17 21:08:28,883 - aqt.updater - INFO - updater 9280 Patching C:\Qt\6.8.3\msvc2022_64\lib\Qt6QuickTemplates2d.prl
2026-06-17 21:08:28,883 - aqt.updater - INFO - updater 9280 Patching C:\Qt\6.8.3\msvc2022_64\lib\Qt6QuickTest.prl
2026-06-17 21:08:28,883 - aqt.updater - INFO - updater 9280 Patching C:\Qt\6.8.3\msvc2022_64\lib\Qt6QuickTestd.prl
2026-06-17 21:08:28,885 - aqt.updater - INFO - updater 9280 Patching C:\Qt\6.8.3\msvc2022_64\lib\Qt6QuickTestUtils.prl
2026-06-17 21:08:28,885 - aqt.updater - INFO - updater 9280 Patching C:\Qt\6.8.3\msvc2022_64\lib\Qt6QuickTestUtilsd.prl
2026-06-17 21:08:28,887 - aqt.updater - INFO - updater 9280 Patching C:\Qt\6.8.3\msvc2022_64\lib\Qt6QuickVectorImage.prl
2026-06-17 21:08:28,887 - aqt.updater - INFO - updater 9280 Patching C:\Qt\6.8.3\msvc2022_64\lib\Qt6QuickVectorImaged.prl
2026-06-17 21:08:28,887 - aqt.updater - INFO - updater 9280 Patching C:\Qt\6.8.3\msvc2022_64\lib\Qt6QuickVectorImageGenerator.prl
2026-06-17 21:08:28,889 - aqt.updater - INFO - updater 9280 Patching C:\Qt\6.8.3\msvc2022_64\lib\Qt6QuickVectorImageGeneratord.prl
2026-06-17 21:08:28,889 - aqt.updater - INFO - updater 9280 Patching C:\Qt\6.8.3\msvc2022_64\lib\Qt6QuickWidgets.prl
2026-06-17 21:08:28,889 - aqt.updater - INFO - updater 9280 Patching C:\Qt\6.8.3\msvc2022_64\lib\Qt6QuickWidgetsd.prl
2026-06-17 21:08:28,891 - aqt.updater - INFO - updater 9280 Patching C:\Qt\6.8.3\msvc2022_64\lib\Qt6Sql.prl
2026-06-17 21:08:28,891 - aqt.updater - INFO - updater 9280 Patching C:\Qt\6.8.3\msvc2022_64\lib\Qt6Sqld.prl
2026-06-17 21:08:28,893 - aqt.updater - INFO - updater 9280 Patching C:\Qt\6.8.3\msvc2022_64\lib\Qt6Svg.prl
2026-06-17 21:08:28,893 - aqt.updater - INFO - updater 9280 Patching C:\Qt\6.8.3\msvc2022_64\lib\Qt6Svgd.prl
2026-06-17 21:08:28,893 - aqt.updater - INFO - updater 9280 Patching C:\Qt\6.8.3\msvc2022_64\lib\Qt6SvgWidgets.prl
2026-06-17 21:08:28,895 - aqt.updater - INFO - updater 9280 Patching C:\Qt\6.8.3\msvc2022_64\lib\Qt6SvgWidgetsd.prl
2026-06-17 21:08:28,895 - aqt.updater - INFO - updater 9280 Patching C:\Qt\6.8.3\msvc2022_64\lib\Qt6Test.prl
2026-06-17 21:08:28,897 - aqt.updater - INFO - updater 9280 Patching C:\Qt\6.8.3\msvc2022_64\lib\Qt6Testd.prl
2026-06-17 21:08:28,897 - aqt.updater - INFO - updater 9280 Patching C:\Qt\6.8.3\msvc2022_64\lib\Qt6UiTools.prl
2026-06-17 21:08:28,897 - aqt.updater - INFO - updater 9280 Patching C:\Qt\6.8.3\msvc2022_64\lib\Qt6UiToolsd.prl
2026-06-17 21:08:28,899 - aqt.updater - INFO - updater 9280 Patching C:\Qt\6.8.3\msvc2022_64\lib\Qt6Widgets.prl
2026-06-17 21:08:28,899 - aqt.updater - INFO - updater 9280 Patching C:\Qt\6.8.3\msvc2022_64\lib\Qt6Widgetsd.prl
2026-06-17 21:08:28,899 - aqt.updater - INFO - updater 9280 Patching C:\Qt\6.8.3\msvc2022_64\lib\Qt6Xml.prl
2026-06-17 21:08:28,901 - aqt.updater - INFO - updater 9280 Patching C:\Qt\6.8.3\msvc2022_64\lib\Qt6Xmld.prl
2026-06-17 21:08:28,901 - aqt.main - INFO - installer 9280 Finished installation
2026-06-17 21:08:28,901 - aqt.main - INFO - installer 9280 Time elapsed: 75.10699720 second
